2024-09-12 01:36:38,833 - INFO - Logging is set up.
2024-09-12 01:36:38,834 - INFO - Starting experiment with task_id: 5
2024-09-12 01:36:38,834 - INFO - Running experiment: new_run_experiment_pokec_mixed('small2')
2024-09-12 01:36:38,835 - INFO - Seed set to 42
2024-09-12 01:36:38,836 - INFO - Data already pre-formatted
2024-09-12 01:36:38,836 - INFO - Formatting data for graph_dir_0
2024-09-12 01:36:38,836 - INFO - Starting formatting
2024-09-12 01:36:39,907 - INFO - Filtering by category
2024-09-12 01:36:40,105 - INFO - Labeling values
2024-09-12 01:36:40,110 - INFO - Filtering edgelist attributes
2024-09-12 01:36:45,277 - INFO - Formatting done.
2024-09-12 01:36:45,278 - INFO - Finished formatting data for graph_dir_0
2024-09-12 01:36:45,279 - INFO - Loading edgelist from /scratch/pyllm/forth/DATA/pokec_FMMC_the_final_experiment_002/new_pokec_mixed_graphsize_small2/resources/graph_dir_0/filtered_edgelist.txt
2024-09-12 01:36:45,279 - INFO - Loading attributes from /scratch/pyllm/forth/DATA/pokec_FMMC_the_final_experiment_002/new_pokec_mixed_graphsize_small2/resources/graph_dir_0/filtered_attributes.csv
2024-09-12 01:36:45,288 - INFO - Loading attributes from /scratch/pyllm/forth/DATA/pokec_FMMC_the_final_experiment_002/new_pokec_mixed_graphsize_small2/resources/graph_dir_0/filtered_attributes.csv
2024-09-12 01:36:45,866 - INFO - Graph 0: <data_utils.graph.pokec_graph.PokecGraph object at 0x147513ebf850>
2024-09-12 01:36:45,866 - INFO - Number of nodes in graph 0: 3888
2024-09-12 01:36:45,866 - INFO - Number of edges in graph 0: 13028
2024-09-12 01:36:45,866 - INFO - Number of attributes in graph 0: 3888
2024-09-12 01:36:45,866 - INFO - Total number of baseline experiments: 1
2024-09-12 01:36:45,866 - INFO - Total number of crosswalk experiments: 18
2024-09-12 01:36:45,867 - INFO - Running FMMC experiments for graph 0 with selfloops True
2024-09-12 01:36:45,868 - INFO - Using label_AGE as sensitive attribute
2024-09-12 01:39:31,995 - INFO - md done
