2024-09-12 01:36:39,136 - INFO - Logging is set up.
2024-09-12 01:36:39,136 - INFO - Starting experiment with task_id: 0
2024-09-12 01:36:39,136 - INFO - Running experiment: new_run_experiment_pokec_distinct('small')
2024-09-12 01:36:39,137 - INFO - Seed set to 42
2024-09-12 01:36:39,137 - INFO - Data already pre-formatted
2024-09-12 01:36:39,137 - INFO - Formatting data for graph_dir_0
2024-09-12 01:36:39,137 - INFO - Starting formatting
2024-09-12 01:36:39,138 - INFO - Formatted files already exist at /scratch/pyllm/forth/DATA/pokec_FMMC_the_final_experiment_002/new_pokec_distinct_graphsize_small/resources/graph_dir_0. Skipping formatting.
2024-09-12 01:36:39,149 - INFO - Finished formatting data for graph_dir_0
2024-09-12 01:36:39,149 - INFO - Formatting data for graph_dir_1
2024-09-12 01:36:39,149 - INFO - Starting formatting
2024-09-12 01:36:39,149 - INFO - Formatted files already exist at /scratch/pyllm/forth/DATA/pokec_FMMC_the_final_experiment_002/new_pokec_distinct_graphsize_small/resources/graph_dir_1. Skipping formatting.
2024-09-12 01:36:39,162 - INFO - Finished formatting data for graph_dir_1
2024-09-12 01:36:39,162 - INFO - Formatting data for graph_dir_2
2024-09-12 01:36:39,162 - INFO - Starting formatting
2024-09-12 01:36:39,162 - INFO - Formatted files already exist at /scratch/pyllm/forth/DATA/pokec_FMMC_the_final_experiment_002/new_pokec_distinct_graphsize_small/resources/graph_dir_2. Skipping formatting.
2024-09-12 01:36:39,172 - INFO - Finished formatting data for graph_dir_2
2024-09-12 01:36:39,172 - INFO - Formatting data for graph_dir_3
2024-09-12 01:36:39,172 - INFO - Starting formatting
2024-09-12 01:36:39,172 - INFO - Formatted files already exist at /scratch/pyllm/forth/DATA/pokec_FMMC_the_final_experiment_002/new_pokec_distinct_graphsize_small/resources/graph_dir_3. Skipping formatting.
2024-09-12 01:36:39,180 - INFO - Finished formatting data for graph_dir_3
2024-09-12 01:36:39,181 - INFO - Loading edgelist from /scratch/pyllm/forth/DATA/pokec_FMMC_the_final_experiment_002/new_pokec_distinct_graphsize_small/resources/graph_dir_0/filtered_edgelist.txt
2024-09-12 01:36:39,181 - INFO - Loading attributes from /scratch/pyllm/forth/DATA/pokec_FMMC_the_final_experiment_002/new_pokec_distinct_graphsize_small/resources/graph_dir_0/filtered_attributes.csv
2024-09-12 01:36:39,183 - INFO - Loading attributes from /scratch/pyllm/forth/DATA/pokec_FMMC_the_final_experiment_002/new_pokec_distinct_graphsize_small/resources/graph_dir_0/filtered_attributes.csv
2024-09-12 01:36:39,305 - INFO - Loading edgelist from /scratch/pyllm/forth/DATA/pokec_FMMC_the_final_experiment_002/new_pokec_distinct_graphsize_small/resources/graph_dir_1/filtered_edgelist.txt
2024-09-12 01:36:39,305 - INFO - Loading attributes from /scratch/pyllm/forth/DATA/pokec_FMMC_the_final_experiment_002/new_pokec_distinct_graphsize_small/resources/graph_dir_1/filtered_attributes.csv
2024-09-12 01:36:39,311 - INFO - Loading attributes from /scratch/pyllm/forth/DATA/pokec_FMMC_the_final_experiment_002/new_pokec_distinct_graphsize_small/resources/graph_dir_1/filtered_attributes.csv
2024-09-12 01:36:40,195 - INFO - Loading edgelist from /scratch/pyllm/forth/DATA/pokec_FMMC_the_final_experiment_002/new_pokec_distinct_graphsize_small/resources/graph_dir_2/filtered_edgelist.txt
2024-09-12 01:36:40,195 - INFO - Loading attributes from /scratch/pyllm/forth/DATA/pokec_FMMC_the_final_experiment_002/new_pokec_distinct_graphsize_small/resources/graph_dir_2/filtered_attributes.csv
2024-09-12 01:36:40,200 - INFO - Loading attributes from /scratch/pyllm/forth/DATA/pokec_FMMC_the_final_experiment_002/new_pokec_distinct_graphsize_small/resources/graph_dir_2/filtered_attributes.csv
2024-09-12 01:36:41,013 - INFO - Loading edgelist from /scratch/pyllm/forth/DATA/pokec_FMMC_the_final_experiment_002/new_pokec_distinct_graphsize_small/resources/graph_dir_3/filtered_edgelist.txt
2024-09-12 01:36:41,013 - INFO - Loading attributes from /scratch/pyllm/forth/DATA/pokec_FMMC_the_final_experiment_002/new_pokec_distinct_graphsize_small/resources/graph_dir_3/filtered_attributes.csv
2024-09-12 01:36:41,016 - INFO - Loading attributes from /scratch/pyllm/forth/DATA/pokec_FMMC_the_final_experiment_002/new_pokec_distinct_graphsize_small/resources/graph_dir_3/filtered_attributes.csv
2024-09-12 01:36:41,349 - INFO - Graph 0: <data_utils.graph.pokec_graph.PokecGraph object at 0x151c09971b10>
2024-09-12 01:36:41,349 - INFO - Number of nodes in graph 0: 927
2024-09-12 01:36:41,349 - INFO - Number of edges in graph 0: 2718
2024-09-12 01:36:41,349 - INFO - Number of attributes in graph 0: 927
2024-09-12 01:36:41,349 - INFO - Graph 1: <data_utils.graph.pokec_graph.PokecGraph object at 0x151c09971f00>
2024-09-12 01:36:41,349 - INFO - Number of nodes in graph 1: 2379
2024-09-12 01:36:41,350 - INFO - Number of edges in graph 1: 18534
2024-09-12 01:36:41,350 - INFO - Number of attributes in graph 1: 2379
2024-09-12 01:36:41,350 - INFO - Graph 2: <data_utils.graph.pokec_graph.PokecGraph object at 0x151c09ed01f0>
2024-09-12 01:36:41,350 - INFO - Number of nodes in graph 2: 5629
2024-09-12 01:36:41,350 - INFO - Number of edges in graph 2: 18118
2024-09-12 01:36:41,350 - INFO - Number of attributes in graph 2: 5629
2024-09-12 01:36:41,350 - INFO - Graph 3: <data_utils.graph.pokec_graph.PokecGraph object at 0x151c09ed3160>
2024-09-12 01:36:41,350 - INFO - Number of nodes in graph 3: 1756
2024-09-12 01:36:41,350 - INFO - Number of edges in graph 3: 7046
2024-09-12 01:36:41,350 - INFO - Number of attributes in graph 3: 1756
2024-09-12 01:36:41,351 - INFO - Total number of baseline experiments: 4
2024-09-12 01:36:41,351 - INFO - Total number of crosswalk experiments: 72
2024-09-12 01:36:41,351 - INFO - Running FMMC experiments for graph 0 with selfloops True
2024-09-12 01:36:41,351 - INFO - Using label_AGE as sensitive attribute
2024-09-12 01:36:41,375 - INFO - Finished FMMC experiments for graph 0 with selfloops True
2024-09-12 01:36:41,375 - INFO - Running FMMC experiments for graph 0 with selfloops False
2024-09-12 01:36:41,376 - INFO - Using label_AGE as sensitive attribute
2024-09-12 01:36:41,387 - INFO - Finished FMMC experiments for graph 0 with selfloops False
2024-09-12 01:36:41,387 - INFO - Running FMMC experiments for graph 1 with selfloops True
2024-09-12 01:36:41,388 - INFO - Using label_AGE as sensitive attribute
2024-09-12 01:36:41,404 - INFO - Finished FMMC experiments for graph 1 with selfloops True
2024-09-12 01:36:41,404 - INFO - Running FMMC experiments for graph 1 with selfloops False
2024-09-12 01:36:41,404 - INFO - Using label_AGE as sensitive attribute
2024-09-12 01:36:43,342 - INFO - /scratch/pyllm/forth/DATA/pokec_FMMC_the_final_experiment_002/new_pokec_distinct_graphsize_small/resources/graph_dir_1/NOselfloops/encoded_fmmc_edgelist_md.csv exists. Loading checkpoint.
2024-09-12 01:36:43,406 - INFO - /scratch/pyllm/forth/DATA/pokec_FMMC_the_final_experiment_002/new_pokec_distinct_graphsize_small/resources/graph_dir_1/NOselfloops/encoded_fmmc_edgelist_mh.csv exists. Loading checkpoint.
2024-09-12 01:36:44,413 - INFO - /scratch/pyllm/forth/DATA/pokec_FMMC_the_final_experiment_002/new_pokec_distinct_graphsize_small/resources/graph_dir_1/NOselfloops/encoded_fmmc_edgelist_fmmc_SCS.csv exists. Loading checkpoint.
2024-09-12 01:36:51,011 - INFO - Starting subgradient computation for graph_1
2024-09-12 01:40:11,131 - INFO - Starting subgradient computation step 1
2024-09-12 01:40:24,949 - INFO - making p feasible (smaller or equal 1) on step 1
