2024-09-12 01:36:41,360 - INFO - Starting (re-)run of embeddings
2024-09-12 01:36:41,368 - INFO - Embedding p_1_q_1_small_selfloops_True for graph_dir_0 already exists. Skipping...
2024-09-12 01:36:41,369 - INFO - Results for run_12 for p_1_q_1_small_selfloops_True already exist. Skipping evaluation...
2024-09-12 01:36:41,369 - INFO - Results for run_0 for p_1_q_1_small_selfloops_True already exist. Skipping evaluation...
2024-09-12 01:36:41,369 - INFO - Results for run_18 for p_1_q_1_small_selfloops_True already exist. Skipping evaluation...
2024-09-12 01:36:41,370 - INFO - Results for run_8 for p_1_q_1_small_selfloops_True already exist. Skipping evaluation...
2024-09-12 01:36:41,370 - INFO - Results for run_20 for p_1_q_1_small_selfloops_True already exist. Skipping evaluation...
2024-09-12 01:36:41,370 - INFO - Results for run_10 for p_1_q_1_small_selfloops_True already exist. Skipping evaluation...
2024-09-12 01:36:41,370 - INFO - Results for run_2 for p_1_q_1_small_selfloops_True already exist. Skipping evaluation...
2024-09-12 01:36:41,371 - INFO - Results for run_6 for p_1_q_1_small_selfloops_True already exist. Skipping evaluation...
2024-09-12 01:36:41,371 - INFO - Results for run_19 for p_1_q_1_small_selfloops_True already exist. Skipping evaluation...
2024-09-12 01:36:41,371 - INFO - Results for run_1 for p_1_q_1_small_selfloops_True already exist. Skipping evaluation...
2024-09-12 01:36:41,371 - INFO - Results for run_13 for p_1_q_1_small_selfloops_True already exist. Skipping evaluation...
2024-09-12 01:36:41,372 - INFO - Results for run_14 for p_1_q_1_small_selfloops_True already exist. Skipping evaluation...
2024-09-12 01:36:41,372 - INFO - Results for run_7 for p_1_q_1_small_selfloops_True already exist. Skipping evaluation...
2024-09-12 01:36:41,372 - INFO - Results for run_11 for p_1_q_1_small_selfloops_True already exist. Skipping evaluation...
2024-09-12 01:36:41,373 - INFO - Results for run_16 for p_1_q_1_small_selfloops_True already exist. Skipping evaluation...
2024-09-12 01:36:41,373 - INFO - Results for run_3 for p_1_q_1_small_selfloops_True already exist. Skipping evaluation...
2024-09-12 01:36:41,373 - INFO - Results for run_15 for p_1_q_1_small_selfloops_True already exist. Skipping evaluation...
2024-09-12 01:36:41,373 - INFO - Results for run_21 for p_1_q_1_small_selfloops_True already exist. Skipping evaluation...
2024-09-12 01:36:41,374 - INFO - Results for run_22 for p_1_q_1_small_selfloops_True already exist. Skipping evaluation...
2024-09-12 01:36:41,374 - INFO - Results for run_24 for p_1_q_1_small_selfloops_True already exist. Skipping evaluation...
2024-09-12 01:36:41,374 - INFO - Results for run_5 for p_1_q_1_small_selfloops_True already exist. Skipping evaluation...
2024-09-12 01:36:41,375 - INFO - Results for run_23 for p_1_q_1_small_selfloops_True already exist. Skipping evaluation...
2024-09-12 01:36:41,375 - INFO - Results for run_4 for p_1_q_1_small_selfloops_True already exist. Skipping evaluation...
2024-09-12 01:36:41,375 - INFO - Results for run_17 for p_1_q_1_small_selfloops_True already exist. Skipping evaluation...
2024-09-12 01:36:41,375 - INFO - Results for run_9 for p_1_q_1_small_selfloops_True already exist. Skipping evaluation...
2024-09-12 01:36:41,376 - INFO - Starting (re-)run of embeddings
2024-09-12 01:36:41,381 - INFO - Embedding p_1_q_1_small_selfloops_False for graph_dir_0 already exists. Skipping...
2024-09-12 01:36:41,382 - INFO - Results for run_12 for p_1_q_1_small_selfloops_False already exist. Skipping evaluation...
2024-09-12 01:36:41,382 - INFO - Results for run_0 for p_1_q_1_small_selfloops_False already exist. Skipping evaluation...
2024-09-12 01:36:41,382 - INFO - Results for run_18 for p_1_q_1_small_selfloops_False already exist. Skipping evaluation...
2024-09-12 01:36:41,382 - INFO - Results for run_8 for p_1_q_1_small_selfloops_False already exist. Skipping evaluation...
2024-09-12 01:36:41,383 - INFO - Results for run_20 for p_1_q_1_small_selfloops_False already exist. Skipping evaluation...
2024-09-12 01:36:41,383 - INFO - Results for run_10 for p_1_q_1_small_selfloops_False already exist. Skipping evaluation...
2024-09-12 01:36:41,383 - INFO - Results for run_2 for p_1_q_1_small_selfloops_False already exist. Skipping evaluation...
2024-09-12 01:36:41,383 - INFO - Results for run_6 for p_1_q_1_small_selfloops_False already exist. Skipping evaluation...
2024-09-12 01:36:41,383 - INFO - Results for run_19 for p_1_q_1_small_selfloops_False already exist. Skipping evaluation...
2024-09-12 01:36:41,384 - INFO - Results for run_1 for p_1_q_1_small_selfloops_False already exist. Skipping evaluation...
2024-09-12 01:36:41,384 - INFO - Results for run_13 for p_1_q_1_small_selfloops_False already exist. Skipping evaluation...
2024-09-12 01:36:41,384 - INFO - Results for run_14 for p_1_q_1_small_selfloops_False already exist. Skipping evaluation...
2024-09-12 01:36:41,384 - INFO - Results for run_7 for p_1_q_1_small_selfloops_False already exist. Skipping evaluation...
2024-09-12 01:36:41,385 - INFO - Results for run_11 for p_1_q_1_small_selfloops_False already exist. Skipping evaluation...
2024-09-12 01:36:41,385 - INFO - Results for run_16 for p_1_q_1_small_selfloops_False already exist. Skipping evaluation...
2024-09-12 01:36:41,385 - INFO - Results for run_3 for p_1_q_1_small_selfloops_False already exist. Skipping evaluation...
2024-09-12 01:36:41,385 - INFO - Results for run_15 for p_1_q_1_small_selfloops_False already exist. Skipping evaluation...
2024-09-12 01:36:41,386 - INFO - Results for run_21 for p_1_q_1_small_selfloops_False already exist. Skipping evaluation...
2024-09-12 01:36:41,386 - INFO - Results for run_22 for p_1_q_1_small_selfloops_False already exist. Skipping evaluation...
2024-09-12 01:36:41,386 - INFO - Results for run_24 for p_1_q_1_small_selfloops_False already exist. Skipping evaluation...
2024-09-12 01:36:41,386 - INFO - Results for run_5 for p_1_q_1_small_selfloops_False already exist. Skipping evaluation...
2024-09-12 01:36:41,387 - INFO - Results for run_23 for p_1_q_1_small_selfloops_False already exist. Skipping evaluation...
2024-09-12 01:36:41,387 - INFO - Results for run_4 for p_1_q_1_small_selfloops_False already exist. Skipping evaluation...
2024-09-12 01:36:41,387 - INFO - Results for run_17 for p_1_q_1_small_selfloops_False already exist. Skipping evaluation...
2024-09-12 01:36:41,387 - INFO - Results for run_9 for p_1_q_1_small_selfloops_False already exist. Skipping evaluation...
2024-09-12 01:36:41,388 - INFO - Starting (re-)run of embeddings
2024-09-12 01:36:41,397 - INFO - Embedding p_1_q_1_small_selfloops_True for graph_dir_1 already exists. Skipping...
2024-09-12 01:36:41,398 - INFO - Results for run_3 for p_1_q_1_small_selfloops_True already exist. Skipping evaluation...
2024-09-12 01:36:41,398 - INFO - Results for run_9 for p_1_q_1_small_selfloops_True already exist. Skipping evaluation...
2024-09-12 01:36:41,399 - INFO - Results for run_1 for p_1_q_1_small_selfloops_True already exist. Skipping evaluation...
2024-09-12 01:36:41,399 - INFO - Results for run_14 for p_1_q_1_small_selfloops_True already exist. Skipping evaluation...
2024-09-12 01:36:41,399 - INFO - Results for run_17 for p_1_q_1_small_selfloops_True already exist. Skipping evaluation...
2024-09-12 01:36:41,400 - INFO - Results for run_2 for p_1_q_1_small_selfloops_True already exist. Skipping evaluation...
2024-09-12 01:36:41,400 - INFO - Results for run_16 for p_1_q_1_small_selfloops_True already exist. Skipping evaluation...
2024-09-12 01:36:41,400 - INFO - Results for run_15 for p_1_q_1_small_selfloops_True already exist. Skipping evaluation...
2024-09-12 01:36:41,400 - INFO - Results for run_0 for p_1_q_1_small_selfloops_True already exist. Skipping evaluation...
2024-09-12 01:36:41,400 - INFO - Results for run_21 for p_1_q_1_small_selfloops_True already exist. Skipping evaluation...
2024-09-12 01:36:41,401 - INFO - Results for run_24 for p_1_q_1_small_selfloops_True already exist. Skipping evaluation...
2024-09-12 01:36:41,401 - INFO - Results for run_12 for p_1_q_1_small_selfloops_True already exist. Skipping evaluation...
2024-09-12 01:36:41,401 - INFO - Results for run_18 for p_1_q_1_small_selfloops_True already exist. Skipping evaluation...
2024-09-12 01:36:41,401 - INFO - Results for run_5 for p_1_q_1_small_selfloops_True already exist. Skipping evaluation...
2024-09-12 01:36:41,402 - INFO - Results for run_7 for p_1_q_1_small_selfloops_True already exist. Skipping evaluation...
2024-09-12 01:36:41,402 - INFO - Results for run_19 for p_1_q_1_small_selfloops_True already exist. Skipping evaluation...
2024-09-12 01:36:41,402 - INFO - Results for run_10 for p_1_q_1_small_selfloops_True already exist. Skipping evaluation...
2024-09-12 01:36:41,402 - INFO - Results for run_13 for p_1_q_1_small_selfloops_True already exist. Skipping evaluation...
2024-09-12 01:36:41,403 - INFO - Results for run_8 for p_1_q_1_small_selfloops_True already exist. Skipping evaluation...
2024-09-12 01:36:41,403 - INFO - Results for run_23 for p_1_q_1_small_selfloops_True already exist. Skipping evaluation...
2024-09-12 01:36:41,403 - INFO - Results for run_4 for p_1_q_1_small_selfloops_True already exist. Skipping evaluation...
2024-09-12 01:36:41,403 - INFO - Results for run_6 for p_1_q_1_small_selfloops_True already exist. Skipping evaluation...
2024-09-12 01:36:41,404 - INFO - Results for run_11 for p_1_q_1_small_selfloops_True already exist. Skipping evaluation...
2024-09-12 01:36:41,404 - INFO - Results for run_20 for p_1_q_1_small_selfloops_True already exist. Skipping evaluation...
2024-09-12 01:36:41,404 - INFO - Results for run_22 for p_1_q_1_small_selfloops_True already exist. Skipping evaluation...
2024-09-12 01:36:41,405 - INFO - Starting (re-)run of embeddings
2024-09-12 01:36:41,411 - INFO - Embedding p_1_q_1_small_selfloops_False for graph_dir_1 does not exist. Running experiment...
