2024-09-12 01:36:38,818 - INFO - Logging is set up.
2024-09-12 01:36:38,819 - INFO - Starting experiment with task_id: 4
2024-09-12 01:36:38,819 - INFO - Running experiment: new_run_experiment_pokec_mixed('small1')
2024-09-12 01:36:38,821 - INFO - Seed set to 42
2024-09-12 01:36:38,821 - INFO - Data already pre-formatted
2024-09-12 01:36:38,821 - INFO - Formatting data for graph_dir_0
2024-09-12 01:36:38,822 - INFO - Starting formatting
2024-09-12 01:36:39,908 - INFO - Filtering by category
2024-09-12 01:36:40,100 - INFO - Labeling values
2024-09-12 01:36:40,105 - INFO - Filtering edgelist attributes
2024-09-12 01:36:45,394 - INFO - Formatting done.
2024-09-12 01:36:45,394 - INFO - Finished formatting data for graph_dir_0
2024-09-12 01:36:45,395 - INFO - Loading edgelist from /scratch/pyllm/forth/DATA/pokec_FMMC_the_final_experiment_002/new_pokec_mixed_graphsize_small1/resources/graph_dir_0/filtered_edgelist.txt
2024-09-12 01:36:45,395 - INFO - Loading attributes from /scratch/pyllm/forth/DATA/pokec_FMMC_the_final_experiment_002/new_pokec_mixed_graphsize_small1/resources/graph_dir_0/filtered_attributes.csv
2024-09-12 01:36:45,398 - INFO - Loading attributes from /scratch/pyllm/forth/DATA/pokec_FMMC_the_final_experiment_002/new_pokec_mixed_graphsize_small1/resources/graph_dir_0/filtered_attributes.csv
2024-09-12 01:36:45,620 - INFO - Graph 0: <data_utils.graph.pokec_graph.PokecGraph object at 0x14b16ca13850>
2024-09-12 01:36:45,620 - INFO - Number of nodes in graph 0: 712
2024-09-12 01:36:45,620 - INFO - Number of edges in graph 0: 4552
2024-09-12 01:36:45,620 - INFO - Number of attributes in graph 0: 712
2024-09-12 01:36:45,620 - INFO - Total number of baseline experiments: 1
2024-09-12 01:36:45,620 - INFO - Total number of crosswalk experiments: 18
2024-09-12 01:36:45,620 - INFO - Running FMMC experiments for graph 0 with selfloops True
2024-09-12 01:36:45,622 - INFO - Using label_AGE as sensitive attribute
2024-09-12 01:36:47,019 - INFO - md done
2024-09-12 01:36:48,330 - INFO - mh done
